<?xml version="1.0" encoding="UTF-8"?>
<testsuite xmlns:xsi="http://www.w3.org/2001/XMLSchema-instance" xsi:noNamespaceSchemaLocation="https://maven.apache.org/surefire/maven-surefire-plugin/xsd/surefire-test-report.xsd" name="org.eclipse.leshan.tlv.TlvEncoderTest" time="0.035" tests="6" errors="0" skipped="0" failures="0">
  <properties>
[...]
</properties>
  <testcase name="encode_resource" classname="org.eclipse.leshan.tlv.TlvEncoderTest" time="0.028"/>
  <testcase name="encode_boolean" classname="org.eclipse.leshan.tlv.TlvEncoderTest" time="0"/>
  <testcase name="encode_short" classname="org.eclipse.leshan.tlv.TlvEncoderTest" time="0"/>
  <testcase name="encode_integer" classname="org.eclipse.leshan.tlv.TlvEncoderTest" time="0"/>
  <testcase name="encode_date" classname="org.eclipse.leshan.tlv.TlvEncoderTest" time="0.004"/>
  <testcase name="encode_long" classname="org.eclipse.leshan.tlv.TlvEncoderTest" time="0.001"/>
</testsuite>